This is e-pTeX, Version 3.14159265-p3.8.1-180226-2.6 (utf8.euc) (TeX Live 2018) (preloaded format=platex 2019.4.23)  30 MAR 2021 20:04
entering extended mode
 restricted \write18 enabled.
 file:line:error style messages enabled.
 %&-line parsing enabled.
**report_kenko._wakayama.tex
(./report_kenko._wakayama.tex
pLaTeX2e <2018-12-01> (based on LaTeX2e <2018-12-01>)
(/usr/local/texlive/2018/texmf-dist/tex/platex/base/jreport.cls
Document Class: jreport 2018/10/25 v1.8a Standard pLaTeX class
\c@@paper=\count83
(/usr/local/texlive/2018/texmf-dist/tex/platex/base/jsize11.clo
File: jsize11.clo 2018/10/25 v1.8a Standard pLaTeX file (size option)
)
\c@part=\count84
\c@chapter=\count85
\c@section=\count86
\c@subsection=\count87
\c@subsubsection=\count88
\c@paragraph=\count89
\c@subparagraph=\count90
\c@figure=\count91
\c@table=\count92
\abovecaptionskip=\skip41
\belowcaptionskip=\skip42
\symmincho=\mathgroup4
LaTeX Font Info:    Overwriting symbol font `mincho' in version `bold'
(Font)                  JY1/mc/m/n --> JY1/gt/m/n on input line 703.
\toclineskip=\dimen118
\@lnumwidth=\dimen119
\bibindent=\dimen120
\heisei=\count93
)
(./style/dsreport.sty (./style/common.sty
(/usr/local/texlive/2018/texmf-dist/tex/latex/tools/multicol.sty
Package: multicol 2018/12/27 v1.8v multicolumn formatting (FMi)
\c@tracingmulticols=\count94
\mult@box=\box43
\multicol@leftmargin=\dimen121
\c@unbalance=\count95
\c@collectmore=\count96
\doublecol@number=\count97
\multicoltolerance=\count98
\multicolpretolerance=\count99
\full@width=\dimen122
\page@free=\dimen123
\premulticols=\dimen124
\postmulticols=\dimen125
\multicolsep=\skip43
\multicolbaselineskip=\skip44
\partial@page=\box44
\last@line=\box45
\maxbalancingoverflow=\dimen126
\mult@rightbox=\box46
\mult@grightbox=\box47
\mult@gfirstbox=\box48
\mult@firstbox=\box49
\@tempa=\box50
\@tempa=\box51
\@tempa=\box52
\@tempa=\box53
\@tempa=\box54
\@tempa=\box55
\@tempa=\box56
\@tempa=\box57
\@tempa=\box58
\@tempa=\box59
\@tempa=\box60
\@tempa=\box61
\@tempa=\box62
\@tempa=\box63
\@tempa=\box64
\@tempa=\box65
\@tempa=\box66
\c@columnbadness=\count100
\c@finalcolumnbadness=\count101
\last@try=\dimen127
\multicolovershoot=\dimen128
\multicolundershoot=\dimen129
\mult@nat@firstbox=\box67
\colbreak@box=\box68
\mc@col@check@num=\count102
)
(/usr/local/texlive/2018/texmf-dist/tex/generic/epsf/epsf.sty
This is `epsf.tex' v2.7.4 <14 February 2011>
\epsffilein=\read1
\epsfframemargin=\dimen130
\epsfframethickness=\dimen131
\epsfrsize=\dimen132
\epsftmp=\dimen133
\epsftsize=\dimen134
\epsfxsize=\dimen135
\epsfysize=\dimen136
\pspoints=\dimen137
) (/usr/local/texlive/2018/texmf-dist/tex/latex/graphics/graphicx.sty
Package: graphicx 2017/06/01 v1.1a Enhanced LaTeX Graphics (DPC,SPQR)

(/usr/local/texlive/2018/texmf-dist/tex/latex/graphics/keyval.sty
Package: keyval 2014/10/28 v1.15 key=value parser (DPC)
\KV@toks@=\toks15
)
(/usr/local/texlive/2018/texmf-dist/tex/latex/graphics/graphics.sty
Package: graphics 2017/06/25 v1.2c Standard LaTeX Graphics (DPC,SPQR)

(/usr/local/texlive/2018/texmf-dist/tex/latex/graphics/trig.sty
Package: trig 2016/01/03 v1.10 sin cos tan (DPC)
)
(/usr/local/texlive/2018/texmf-dist/tex/latex/graphics-cfg/graphics.cfg
File: graphics.cfg 2016/06/04 v1.11 sample graphics configuration
)
Package graphics Info: Driver file: dvipdfmx.def on input line 99.

(/usr/local/texlive/2018/texmf-dist/tex/latex/graphics-def/dvipdfmx.def
File: dvipdfmx.def 2017/06/24 v5.0g Graphics/color driver for dvipdfmx
))
\Gin@req@height=\dimen138
\Gin@req@width=\dimen139
)
(/usr/local/texlive/2018/texmf-dist/tex/latex/graphics/color.sty
Package: color 2016/07/10 v1.1e Standard LaTeX Color (DPC)

(/usr/local/texlive/2018/texmf-dist/tex/latex/graphics-cfg/color.cfg
File: color.cfg 2016/01/02 v1.6 sample color configuration
)
Package color Info: Driver file: dvipdfmx.def on input line 147.

(/usr/local/texlive/2018/texmf-dist/tex/latex/graphics/dvipsnam.def
File: dvipsnam.def 2016/06/17 v3.0m Driver-dependent file (DPC,SPQR)
))
(./style/mediabb.sty

LaTeX Warning: You have requested package `style/mediabb',
               but the package provides `mediabb'.

Package: mediabb 2006/10/26 v1.9 iNOUE Koich! <inoue@ma.ns.musashi-tech.ac.jp>
) (/usr/local/texlive/2018/texmf-dist/tex/latex/boxedminipage/boxedminipage.sty
) (/usr/local/texlive/2018/texmf-dist/tex/latex/graphics/epsfig.sty
Package: epsfig 2017/06/25 v1.7b (e)psfig emulation (SPQR)
\epsfxsize=\dimen140
\epsfysize=\dimen141
)
(/usr/local/texlive/2018/texmf-dist/tex/latex/amsmath/amsmath.sty
Package: amsmath 2018/12/01 v2.17b AMS math features
\@mathmargin=\skip45

For additional information on amsmath, use the `?' option.
(/usr/local/texlive/2018/texmf-dist/tex/latex/amsmath/amstext.sty
Package: amstext 2000/06/29 v2.01 AMS text

(/usr/local/texlive/2018/texmf-dist/tex/latex/amsmath/amsgen.sty
File: amsgen.sty 1999/11/30 v2.0 generic functions
\@emptytoks=\toks16
\ex@=\dimen142
))
(/usr/local/texlive/2018/texmf-dist/tex/latex/amsmath/amsbsy.sty
Package: amsbsy 1999/11/29 v1.2d Bold Symbols
\pmbraise@=\dimen143
)
(/usr/local/texlive/2018/texmf-dist/tex/latex/amsmath/amsopn.sty
Package: amsopn 2016/03/08 v2.02 operator names
)
\inf@bad=\count103
LaTeX Info: Redefining \frac on input line 223.
\uproot@=\count104
\leftroot@=\count105
LaTeX Info: Redefining \overline on input line 385.
\classnum@=\count106
\DOTSCASE@=\count107
LaTeX Info: Redefining \ldots on input line 482.
LaTeX Info: Redefining \dots on input line 485.
LaTeX Info: Redefining \cdots on input line 606.
\Mathstrutbox@=\box69
\strutbox@=\box70
\big@size=\dimen144
LaTeX Font Info:    Redeclaring font encoding OML on input line 729.
LaTeX Font Info:    Redeclaring font encoding OMS on input line 730.
\macc@depth=\count108
\c@MaxMatrixCols=\count109
\dotsspace@=\muskip10
\c@parentequation=\count110
\dspbrk@lvl=\count111
\tag@help=\toks17
\row@=\count112
\column@=\count113
\maxfields@=\count114
\andhelp@=\toks18
\eqnshift@=\dimen145
\alignsep@=\dimen146
\tagshift@=\dimen147
\tagwidth@=\dimen148
\totwidth@=\dimen149
\lineht@=\dimen150
\@envbody=\toks19
\multlinegap=\skip46
\multlinetaggap=\skip47
\mathdisplay@stack=\toks20
LaTeX Info: Redefining \[ on input line 2844.
LaTeX Info: Redefining \] on input line 2845.
)
(/usr/local/texlive/2018/texmf-dist/tex/latex/amsfonts/amssymb.sty
Package: amssymb 2013/01/14 v3.01 AMS font symbols

(/usr/local/texlive/2018/texmf-dist/tex/latex/amsfonts/amsfonts.sty
Package: amsfonts 2013/01/14 v3.01 Basic AMSFonts support
\symAMSa=\mathgroup5
\symAMSb=\mathgroup6
LaTeX Font Info:    Overwriting math alphabet `\mathfrak' in version `bold'
(Font)                  U/euf/m/n --> U/euf/b/n on input line 106.
))
(/usr/local/texlive/2018/texmf-dist/tex/latex/ascmac/ascmac.sty
Package: ascmac 2018/03/09 v2.0h ascmac wrapper (community edition) 

(/usr/local/texlive/2018/texmf-dist/tex/latex/ascmac/tascmac.sty
Package: tascmac 2018/03/09 v2.0h ascmac package (community edition) 
\@savetbaselineshift=\dimen151
\@saveybaselineshift=\dimen152
\scb@x=\box71
\scscb@x=\box72
\@bw=\dimen153
\@nbox=\box73
\@nbody=\box74
\@scw=\dimen154
\ascmac@hoboxa=\box75
\ascmac@hoboxb=\box76
\@itemh=\dimen155
\@iboxpos=\toks21
\@iboxstr=\box77
\@bwsp=\box78
\@@bwsp=\box79
\@bcal=\count115
\shaderule=\dimen156
))
(/usr/local/texlive/2018/texmf-dist/tex/latex/tools/enumerate.sty
Package: enumerate 2015/07/23 v3.00 enumerate extensions (DPC)
\@enLab=\toks22
)
(/usr/local/texlive/2018/texmf-dist/tex/latex/url/url.sty
\Urlmuskip=\muskip11
Package: url 2013/09/16  ver 3.4  Verb mode for urls, etc.
)
(/usr/local/texlive/2018/texmf-dist/tex/latex/titlesec/titlesec.sty
Package: titlesec 2016/03/21 v2.10.2 Sectioning titles
\ttl@box=\box80
\beforetitleunit=\skip48
\aftertitleunit=\skip49
\ttl@plus=\dimen157
\ttl@minus=\dimen158
\ttl@toksa=\toks23
\titlewidth=\dimen159
\titlewidthlast=\dimen160
\titlewidthfirst=\dimen161
)
(/usr/local/texlive/2018/texmf-dist/tex/latex/titlesec/titletoc.sty
Package: titletoc 2011/12/15 v1.6 TOC entries
\ttl@leftsep=\dimen162
)
(/usr/local/texlive/2018/texmf-dist/tex/latex/fancyhdr/fancyhdr.sty
Package: fancyhdr 2019/01/31 v3.10 Extensive control of page headers and footer
s
\f@nch@headwidth=\skip50
\f@nch@O@elh=\skip51
\f@nch@O@erh=\skip52
\f@nch@O@olh=\skip53
\f@nch@O@orh=\skip54
\f@nch@O@elf=\skip55
\f@nch@O@erf=\skip56
\f@nch@O@olf=\skip57
\f@nch@O@orf=\skip58
)
(/usr/local/texlive/2018/texmf-dist/tex/latex/tools/bm.sty
Package: bm 2017/01/16 v1.2c Bold Symbol Support (DPC/FMi)
\symboldoperators=\mathgroup7
\symboldletters=\mathgroup8
\symboldsymbols=\mathgroup9
\symboldmincho=\mathgroup10
LaTeX Font Info:    Redeclaring math alphabet \mathbf on input line 141.
LaTeX Info: Redefining \bm on input line 207.
))
(/usr/local/texlive/2018/texmf-dist/tex/latex/float/float.sty
Package: float 2001/11/08 v1.3d Float enhancements (AL)
\c@float@type=\count116
\float@exts=\toks24
\float@box=\box81
\@float@everytoks=\toks25
\@floatcapt=\box82
)
(./style/subfigure.sty

LaTeX Warning: You have requested package `style/subfigure',
               but the package provides `subfigure'.

Package: subfigure 1995/03/06 v2.0 subfigure package
Package: subfigure 1995/03/06 v2.0
\c@subfigure=\count117
\c@lofdepth=\count118
\c@subtable=\count119
\c@lotdepth=\count120
) (/usr/local/texlive/2018/texmf-dist/tex/latex/geometry/geometry.sty
Package: geometry 2018/04/16 v5.8 Page Geometry

(/usr/local/texlive/2018/texmf-dist/tex/generic/oberdiek/ifpdf.sty
Package: ifpdf 2018/09/07 v3.3 Provides the ifpdf switch
)
(/usr/local/texlive/2018/texmf-dist/tex/generic/oberdiek/ifvtex.sty
Package: ifvtex 2016/05/16 v1.6 Detect VTeX and its facilities (HO)
Package ifvtex Info: VTeX not detected.
)
(/usr/local/texlive/2018/texmf-dist/tex/generic/ifxetex/ifxetex.sty
Package: ifxetex 2010/09/12 v0.6 Provides ifxetex conditional
)
\Gm@cnth=\count121
\Gm@cntv=\count122
\c@Gm@tempcnt=\count123
\Gm@bindingoffset=\dimen163
\Gm@wd@mp=\dimen164
\Gm@odd@mp=\dimen165
\Gm@even@mp=\dimen166
\Gm@layoutwidth=\dimen167
\Gm@layoutheight=\dimen168
\Gm@layouthoffset=\dimen169
\Gm@layoutvoffset=\dimen170
\Gm@dimlist=\toks26
))
*geometry* verbose mode - [ newgeometry ] result:
* driver: 
* paper: a4paper
* layout: <same size as paper>
* layoutoffset:(h,v)=(0.0pt,0.0pt)
* modes: 
* h-part:(L,W,R)=(71.13188pt, 469.47046pt, 56.90553pt)
* v-part:(T,H,B)=(85.35826pt, 702.78307pt, 56.90552pt)
* \paperwidth=597.50787pt
* \paperheight=845.04684pt
* \textwidth=469.47046pt
* \textheight=702.78307pt
* \oddsidemargin=-1.1381pt
* \evensidemargin=-1.1381pt
* \topmargin=-23.91173pt
* \headheight=12.0pt
* \headsep=25.0pt
* \topskip=8.51457pt
* \footskip=30.0pt
* \marginparwidth=60.0pt
* \marginparsep=10.0pt
* \columnsep=21.07251pt
* \skip\footins=10.0pt plus 4.0pt minus 2.0pt
* \hoffset=0.0pt
* \voffset=0.0pt
* \mag=1000
* \@twocolumnfalse
* \@twosidefalse
* \@mparswitchfalse
* \@reversemarginfalse
* (1in=72.27pt=25.4mm, 1cm=28.453pt)



LaTeX Warning: Unused global option(s):
    [mc].

(./report_kenko._wakayama.aux)
\openout1 = `report_kenko._wakayama.aux'.

LaTeX Font Info:    Checking defaults for OML/cmm/m/it on input line 47.
LaTeX Font Info:    ... okay on input line 47.
LaTeX Font Info:    Checking defaults for T1/cmr/m/n on input line 47.
LaTeX Font Info:    ... okay on input line 47.
LaTeX Font Info:    Checking defaults for OT1/cmr/m/n on input line 47.
LaTeX Font Info:    ... okay on input line 47.
LaTeX Font Info:    Checking defaults for OMS/cmsy/m/n on input line 47.
LaTeX Font Info:    ... okay on input line 47.
LaTeX Font Info:    Checking defaults for OMX/cmex/m/n on input line 47.
LaTeX Font Info:    ... okay on input line 47.
LaTeX Font Info:    Checking defaults for U/cmr/m/n on input line 47.
LaTeX Font Info:    ... okay on input line 47.
LaTeX Font Info:    Checking defaults for JY1/mc/m/n on input line 47.
LaTeX Font Info:    ... okay on input line 47.
LaTeX Font Info:    Checking defaults for JT1/mc/m/n on input line 47.
LaTeX Font Info:    ... okay on input line 47.

*geometry* driver: auto-detecting
*geometry* detected driver: dvips
*geometry* verbose mode - [ preamble ] result:
* driver: dvips
* paper: a4paper
* layout: <same size as paper>
* layoutoffset:(h,v)=(0.0pt,0.0pt)
* modes: 
* h-part:(L,W,R)=(71.13188pt, 469.47046pt, 56.90553pt)
* v-part:(T,H,B)=(85.35826pt, 702.78307pt, 56.90552pt)
* \paperwidth=597.50787pt
* \paperheight=845.04684pt
* \textwidth=469.47046pt
* \textheight=702.78307pt
* \oddsidemargin=-1.1381pt
* \evensidemargin=-1.1381pt
* \topmargin=-23.91173pt
* \headheight=12.0pt
* \headsep=25.0pt
* \topskip=8.51457pt
* \footskip=30.0pt
* \marginparwidth=60.0pt
* \marginparsep=10.0pt
* \columnsep=21.07251pt
* \skip\footins=10.0pt plus 4.0pt minus 2.0pt
* \hoffset=0.0pt
* \voffset=0.0pt
* \mag=1000
* \@twocolumnfalse
* \@twosidefalse
* \@mparswitchfalse
* \@reversemarginfalse
* (1in=72.27pt=25.4mm, 1cm=28.453pt)


LaTeX Font Warning: Font shape `JT1/mc/m/sc' undefined
(Font)              using `JT1/mc/m/n' instead on input line 61.


LaTeX Font Warning: Font shape `JY1/mc/m/sc' undefined
(Font)              using `JY1/mc/m/n' instead on input line 61.

LaTeX Font Info:    Font shape `JT1/mc/bx/n' in size <14.4> not available
(Font)              Font shape `JT1/gt/m/n' tried instead on input line 61.
LaTeX Font Info:    Font shape `JY1/mc/bx/n' in size <14.4> not available
(Font)              Font shape `JY1/gt/m/n' tried instead on input line 61.
LaTeX Font Info:    Font shape `JT1/mc/bx/n' in size <20.74> not available
(Font)              Font shape `JT1/gt/m/n' tried instead on input line 61.
LaTeX Font Info:    Font shape `JY1/mc/bx/n' in size <20.74> not available
(Font)              Font shape `JY1/gt/m/n' tried instead on input line 61.

Overfull \hbox (188.88988pt too wide) in paragraph at lines 61--61
[]\OT1/cmtt/m/n/12 https://www.pref.wakayama.lg.jp/prefg/020100/data/center.htm
l  
 []

LaTeX Font Info:    Try loading font information for U+msa on input line 61.
(/usr/local/texlive/2018/texmf-dist/tex/latex/amsfonts/umsa.fd
File: umsa.fd 2013/01/14 v3.01 AMS symbols A
)
LaTeX Font Info:    Try loading font information for U+msb on input line 61.

(/usr/local/texlive/2018/texmf-dist/tex/latex/amsfonts/umsb.fd
File: umsb.fd 2013/01/14 v3.01 AMS symbols B
) [0


]
(./report_kenko._wakayama.toc)
\tf@toc=\write3
\openout3 = `report_kenko._wakayama.toc'.

 [1

] (./sub/wakayamaForSend1.tex
第 1 章
LaTeX Font Info:    Font shape `JT1/mc/bx/n' in size <12> not available
(Font)              Font shape `JT1/gt/m/n' tried instead on input line 9.
LaTeX Font Info:    Font shape `JY1/mc/bx/n' in size <12> not available
(Font)              Font shape `JY1/gt/m/n' tried instead on input line 9.
[2

]
第 2 章
runsystem([ 'fig/daly.png' -nt 'fig/daly.bb' ] && cd 'fig/' && ebb 'daly.png').
..disabled (restricted).

File: fig/daly.png Graphic file (type bmp)
<fig/daly.png>
LaTeX Font Info:    Try loading font information for OMS+cmr on input line 126.

(/usr/local/texlive/2018/texmf-dist/tex/latex/base/omscmr.fd
File: omscmr.fd 2014/09/29 v2.5h Standard LaTeX font definitions
)
LaTeX Font Info:    Font shape `OMS/cmr/m/n' in size <10.95> not available
(Font)              Font shape `OMS/cmsy/m/n' tried instead on input line 126.
 [3

]
LaTeX Font Info:    Font shape `JT1/mc/bx/n' in size <10.95> not available
(Font)              Font shape `JT1/gt/m/n' tried instead on input line 152.
LaTeX Font Info:    Font shape `JY1/mc/bx/n' in size <10.95> not available
(Font)              Font shape `JY1/gt/m/n' tried instead on input line 152.


Package Fancyhdr Warning: \headheight is too small (12.0pt): 
Make it at least 15.49998pt.
We now make it that large for the rest of the document.
This may cause the page layout to be inconsistent, however.

[4] [5]
第 3 章
File: fig/WakayamaTrend.pdf Graphic file (type pdf)
<fig/WakayamaTrend.pdf>

LaTeX Warning: `!h' float specifier changed to `!ht'.

[6

] [7]
第 4 章
[8

]
第 5 章
[9

] [10] [11] [12] [13] [14]
第 6 章
[15

] [16] [17]
Underfull \hbox (badness 10000) in paragraph at lines 1132--1133
[]\JY1/mc/m/sc/10.95 一定のバリアフリ ー化率手すりの設
 []


Underfull \hbox (badness 10000) in paragraph at lines 1134--1135
[]\JY1/mc/m/sc/10.95 高度のバリアフリ ー化率手すりの設
 []


Overfull \vbox (6.12991pt too high) has occurred while \output is active []


[18]
第 7 章
[19

]
LaTeX Font Info:    Font shape `JT1/mc/bx/n' in size <9> not available
(Font)              Font shape `JT1/gt/m/n' tried instead on input line 1421.
LaTeX Font Info:    Font shape `JY1/mc/bx/n' in size <9> not available
(Font)              Font shape `JY1/gt/m/n' tried instead on input line 1421.
File: fig/wakayama_HLE_M.pdf Graphic file (type pdf)
<fig/wakayama_HLE_M.pdf>
File: fig/wakayama_HLE_F.pdf Graphic file (type pdf)
<fig/wakayama_HLE_F.pdf>
File: fig/wakayama_LE_M.pdf Graphic file (type pdf)
<fig/wakayama_LE_M.pdf>


LaTeX Warning: `!h' float specifier changed to `!ht'.

File: fig/wakayama_LE_F.pdf Graphic file (type pdf)
<fig/wakayama_LE_F.pdf>

LaTeX Warning: `!h' float specifier changed to `!ht'.

runsystem([ 'fig/diff_LE_HLE_F.png' -nt 'fig/diff_LE_HLE_F.bb' ] && cd 'fig/' &
& ebb 'diff_LE_HLE_F.png')...disabled (restricted).

File: fig/diff_LE_HLE_F.png Graphic file (type bmp)
<fig/diff_LE_HLE_F.png>

LaTeX Warning: `!h' float specifier changed to `!ht'.

runsystem([ 'fig/diff_LE_HLE_M.png' -nt 'fig/diff_LE_HLE_M.bb' ] && cd 'fig/' &
& ebb 'diff_LE_HLE_M.png')...disabled (restricted).

File: fig/diff_LE_HLE_M.png Graphic file (type bmp)
<fig/diff_LE_HLE_M.png>

LaTeX Warning: `!h' float specifier changed to `!ht'.

[20] [21] [22] [23] [24] [25] [26]
第 8 章

Underfull \hbox (badness 5105) in paragraph at lines 1768--1769
[]\OT1/cmr/m/n/10.95 Confectionery con-sump-tion avg 2014
 []

[27

] [28]
File: fig/WakayamRank1.pdf Graphic file (type pdf)
<fig/WakayamRank1.pdf>


LaTeX Warning: `!h' float specifier changed to `!ht'.

File: fig/WakayamRank2.pdf Graphic file (type pdf)
<fig/WakayamRank2.pdf>

LaTeX Warning: `!h' float specifier changed to `!ht'.

File: fig/WakayamRank3.pdf Graphic file (type pdf)
<fig/WakayamRank3.pdf>

LaTeX Warning: `!h' float specifier changed to `!ht'.

[29] [30] [31]
第 9 章
File: fig/DistCommondVariable.pdf Graphic file (type pdf)
<fig/DistCommondVariable.pdf>
[32

] [33] [34]
第 10 章
File: fig/WakayamAomoriComp1.pdf Graphic file (type pdf)
<fig/WakayamAomoriComp1.pdf>
File: fig/WakayamAomoriComp2.pdf Graphic file (type pdf)
<fig/WakayamAomoriComp2.pdf>

LaTeX Warning: `!h' float specifier changed to `!ht'.

File: fig/WakayamAomoriComp3.pdf Graphic file (type pdf)
<fig/WakayamAomoriComp3.pdf>

LaTeX Warning: `!h' float specifier changed to `!ht'.

File: fig/WakayamAomoriComp4.pdf Graphic file (type pdf)
<fig/WakayamAomoriComp4.pdf>

LaTeX Warning: `!h' float specifier changed to `!ht'.

File: fig/WakayamAomoriComp5.pdf Graphic file (type pdf)
<fig/WakayamAomoriComp5.pdf>

LaTeX Warning: `!h' float specifier changed to `!ht'.

File: fig/WakayamAomoriComp6.pdf Graphic file (type pdf)
<fig/WakayamAomoriComp6.pdf>

LaTeX Warning: `!h' float specifier changed to `!ht'.

File: fig/WakayamAomoriComp7.pdf Graphic file (type pdf)
<fig/WakayamAomoriComp7.pdf>

LaTeX Warning: `!h' float specifier changed to `!ht'.

File: fig/WakayamAomoriComp8.pdf Graphic file (type pdf)
<fig/WakayamAomoriComp8.pdf>

LaTeX Warning: `!h' float specifier changed to `!ht'.

File: fig/WakayamAomoriComp9.pdf Graphic file (type pdf)
<fig/WakayamAomoriComp9.pdf>

LaTeX Warning: `!h' float specifier changed to `!ht'.

File: fig/WakayamAomoriComp10.pdf Graphic file (type pdf)
<fig/WakayamAomoriComp10.pdf>

LaTeX Warning: `!h' float specifier changed to `!ht'.

File: fig/WakayamAomoriComp11.pdf Graphic file (type pdf)
<fig/WakayamAomoriComp11.pdf>

LaTeX Warning: `!h' float specifier changed to `!ht'.

File: fig/WakayamAomoriComp1.pdf Graphic file (type pdf)
<fig/WakayamAomoriComp1.pdf>

LaTeX Warning: `!h' float specifier changed to `!ht'.

[35

] [36] [37] [38] [39] [40] [41]
第 11 章
) [42

]
No file report_kenko._wakayama.bbl.
(./report_kenko._wakayama.aux)

LaTeX Font Warning: Some font shapes were not available, defaults substituted.

 ) 
Here is how much of TeX's memory you used:
 3510 strings out of 493226
 45627 string characters out of 6144095
 168050 words of memory out of 5000000
 7360 multiletter control sequences out of 15000+600000
 27885 words of font info for 109 fonts, out of 8000000 for 9000
 929 hyphenation exceptions out of 8191
 41i,11n,47p,3448b,585s stack positions out of 5000i,500n,10000p,200000b,80000s

Output written on report_kenko._wakayama.dvi (43 pages, 153124 bytes).
