This is e-pTeX, Version 3.14159265-p3.8.3-191112-2.6 (utf8.euc) (TeX Live 2020) (preloaded format=platex 2021.2.25)  6 JUL 2021 00:44
entering extended mode
 restricted \write18 enabled.
 file:line:error style messages enabled.
 %&-line parsing enabled.
**FAdiagram.tex
(./FAdiagram.tex
pLaTeX2e <2020-02-02>+3 (based on LaTeX2e <2020-02-02> patch level 5)
L3 programming layer <2020-03-06>

./FAdiagram.tex:7: LaTeX Error: Environment adjustbox undefined.

See the LaTeX manual or LaTeX Companion for explanation.
Type  H <return>  for immediate help.
 ...                                              
                                                  
l.7 \begin{adjustbox}
                     {width=.5\textwidth}
? 
./FAdiagram.tex:7: Emergency stop.
 ...                                              
                                                  
l.7 \begin{adjustbox}
                     {width=.5\textwidth}
Your command was ignored.
Type  I <command> <return>  to replace it with another command,
or  <return>  to continue without it.

 
Here is how much of TeX's memory you used:
 17 strings out of 481140
 455 string characters out of 5917417
 239385 words of memory out of 5000000
 16157 multiletter control sequences out of 15000+600000
 536209 words of font info for 41 fonts, out of 8000000 for 9000
 929 hyphenation exceptions out of 8191
 13i,0n,15p,63b,16s stack positions out of 5000i,500n,10000p,200000b,80000s
No pages of output.
