\BOOKMARK [0][-]{chapter.1}{本事業の概要, はじめに}{}% 1
\BOOKMARK [1][-]{section.1.1}{背景}{chapter.1}% 2
\BOOKMARK [1][-]{section.1.2}{目的}{chapter.1}% 3
\BOOKMARK [1][-]{section.1.3}{実施期間}{chapter.1}% 4
\BOOKMARK [1][-]{section.1.4}{データ}{chapter.1}% 5
\BOOKMARK [1][-]{section.1.5}{方法}{chapter.1}% 6
\BOOKMARK [1][-]{section.1.6}{期待効果}{chapter.1}% 7
\BOOKMARK [0][-]{chapter.2}{データと変数}{}% 8
\BOOKMARK [0][-]{chapter.3}{方法}{}% 9
\BOOKMARK [0][-]{chapter.4}{変数選択}{}% 10
\BOOKMARK [1][-]{section.4.1}{選択された説明変数}{chapter.4}% 11
\BOOKMARK [1][-]{section.4.2}{線形回帰モデルからの探索}{chapter.4}% 12
\BOOKMARK [2][-]{subsection.4.2.1}{平均寿命の線形回帰モデルからの探索}{section.4.2}% 13
\BOOKMARK [2][-]{subsection.4.2.2}{健康寿命の線形回帰モデルからの探索}{section.4.2}% 14
\BOOKMARK [1][-]{section.4.3}{変数選択のアルゴリズム}{chapter.4}% 15
\BOOKMARK [0][-]{chapter.5}{因子分析による次元縮約}{}% 16
\BOOKMARK [1][-]{section.5.1}{因子分析とは}{chapter.5}% 17
\BOOKMARK [1][-]{section.5.2}{回転とは何か}{chapter.5}% 18
\BOOKMARK [1][-]{section.5.3}{抽出された共通因子}{chapter.5}% 19
\BOOKMARK [0][-]{chapter.6}{glmによる分析}{}% 20
\BOOKMARK [1][-]{section.6.1}{線形回帰分析}{chapter.6}% 21
\BOOKMARK [1][-]{section.6.2}{一般化線形モデル: Gamma dist}{chapter.6}% 22
\BOOKMARK [1][-]{section.6.3}{一般化線形モデル: logit model}{chapter.6}% 23
\BOOKMARK [0][-]{chapter.7}{ベイズモデルによる推定}{}% 24
\BOOKMARK [1][-]{section.7.1}{bayes モデルによる係数の事後分布推定}{chapter.7}% 25
\BOOKMARK [1][-]{section.7.2}{因子による寿命の生存曲線への影響}{chapter.7}% 26
\BOOKMARK [1][-]{section.7.3}{bayes モデルによる寿命の事後分布の推定}{chapter.7}% 27
\BOOKMARK [0][-]{chapter.8}{まとめ}{}% 28
